<!DOCTYPE html PUBLIC "-//W3C//DTD XHTML 1.1//EN" "http://www.w3.org/TR/xhtml11/DTD/xhtml11.dtd">
<html xmlns="http://www.w3.org/1999/xhtml"><head><title>TestNG Report</title><style type="text/css">table {margin-bottom:10px;border-collapse:collapse;empty-cells:show}th,td {border:1px solid #009;padding:.25em .5em}th {vertical-align:bottom}td {vertical-align:top}table a {font-weight:bold}.stripe td {background-color: #E6EBF9}.num {text-align:right}.passedodd td {background-color: #3F3}.passedeven td {background-color: #0A0}.skippedodd td {background-color: #DDD}.skippedeven td {background-color: #CCC}.failedodd td,.attn {background-color: #F33}.failedeven td,.stripe .attn {background-color: #D00}.stacktrace {white-space:pre;font-family:monospace}.totop {font-size:85%;text-align:center;border-bottom:2px solid #000}</style></head><body><table><tr><th>Test</th><th># Passed</th><th># Skipped</th><th># Failed</th><th>Time (ms)</th><th>Included Groups</th><th>Excluded Groups</th></tr><tr><th colspan="7">Test Suite</th></tr><tr><td><a href="#t0">Test Suite</a></td><td class="num">3</td><td class="num">0</td><td class="num attn">1</td><td class="num">388,827</td><td></td><td></td></tr></table><table><thead><tr><th>Class</th><th>Method</th><th>Start</th><th>Time (ms)</th></tr></thead><tbody><tr><th colspan="4">Test Suite</th></tr></tbody><tbody id="t0"><tr><th colspan="4">Test Suite &#8212; failed</th></tr><tr class="failedeven"><td rowspan="1">com.aeps.testscript.AddToCartDataProvider</td><td><a href="#m0">VerifyLoginSuccess</a></td><td rowspan="1">1483115842028</td><td rowspan="1">45683</td></tr><tr><th colspan="4">Test Suite &#8212; passed</th></tr><tr class="passedeven"><td rowspan="3">com.aeps.testscript.AddToCartDataProvider</td><td><a href="#m1">VerifyLoginSuccess</a></td><td rowspan="3">1483115817427</td><td rowspan="3">24599</td></tr><tr class="passedeven"><td><a href="#m2">VerifyLoginSuccess</a></td></tr><tr class="passedeven"><td><a href="#m3">VerifyLoginSuccess</a></td></tr></tbody></table><h2>Test Suite</h2><h3 id="m0">com.aeps.testscript.AddToCartDataProvider#VerifyLoginSuccess</h3><table class="result"><tr class="param"><th>Parameter #1</th></tr><tr class="param stripe"><td>ProductData [searchName=laptop, productName=Acer E15 Celeron Dual Core 4th Gen - (2 GB/500 GB HDD/Linux) UN.MZ8SI.023 ES1-531-C2YE Notebook  (15.6 inch, Diamond Black, 2.4 kg)]</td></tr><tr><th>Messages</th></tr><tr><td><div class="messages"></br>Open flipkart application<br/></br>Seach item as laptop<br/></br> Product Selection[Acer E15 Celeron Dual Core 4th Gen - (2 GB/500 GB HDD/Linux) UN.MZ8SI.023 ES1-531-C2YE Notebook  (15.6 inch, Diamond Black, 2.4 kg)]</div></td></tr><tr><th>Exception</th></tr><tr><td><div class="stacktrace">org.openqa.selenium.TimeoutException: Timed out after 30 seconds waiting for visibility of element located by By.xpath: //div[text()=&apos;Acer E15 Celeron Dual Core 4th Gen - (2 GB/500 GB HDD/Linux) UN.MZ8SI.023 ES1-531-C2YE Notebook  (15.6 inch, Diamond Black, 2.4 kg)&apos;]
Build info: version: &apos;2.53.1&apos;, revision: &apos;a36b8b1cd5757287168e54b817830adce9b0158d&apos;, time: &apos;2016-06-30 19:26:09&apos;
System info: host: &apos;karthickmasan&apos;, ip: &apos;192.168.43.24&apos;, os.name: &apos;Windows 10&apos;, os.arch: &apos;amd64&apos;, os.version: &apos;10.0&apos;, java.version: &apos;1.8.0_60&apos;
Driver info: org.openqa.selenium.chrome.ChromeDriver
Capabilities [{applicationCacheEnabled=false, rotatable=false, mobileEmulationEnabled=false, networkConnectionEnabled=false, chrome={chromedriverVersion=2.25.426923 (0390b88869384d6eb0d5d09729679f934aab9eed), userDataDir=C:\Users\sairam\AppData\Local\Temp\scoped_dir12472_3408}, takesHeapSnapshot=true, pageLoadStrategy=normal, databaseEnabled=false, handlesAlerts=true, hasTouchScreen=false, version=55.0.2883.87, platform=XP, browserConnectionEnabled=false, nativeEvents=true, acceptSslCerts=true, locationContextEnabled=true, webStorageEnabled=true, browserName=chrome, takesScreenshot=true, javascriptEnabled=true, cssSelectorsEnabled=true}]
Session ID: 3c47defc615d3d2bff15b4307c42ba9b
	at org.openqa.selenium.support.ui.WebDriverWait.timeoutException(WebDriverWait.java:80)
	at org.openqa.selenium.support.ui.FluentWait.until(FluentWait.java:261)
	at com.aeps.selenium.framework.BasePage.waitForElement(BasePage.java:181)
	at com.aeps.pages.ebay.ProductSearchPage.selectProduct(ProductSearchPage.java:42)
	at com.aeps.testscript.AddToCartDataProvider.VerifyLoginSuccess(AddToCartDataProvider.java:47)
	at sun.reflect.NativeMethodAccessorImpl.invoke0(Native Method)
	at sun.reflect.NativeMethodAccessorImpl.invoke(Unknown Source)
	at sun.reflect.DelegatingMethodAccessorImpl.invoke(Unknown Source)
	at java.lang.reflect.Method.invoke(Unknown Source)
	at org.testng.internal.MethodInvocationHelper.invokeMethod(MethodInvocationHelper.java:104)
	at org.testng.internal.Invoker.invokeMethod(Invoker.java:645)
	at org.testng.internal.Invoker.invokeTestMethod(Invoker.java:851)
	at org.testng.internal.Invoker.invokeTestMethods(Invoker.java:1177)
	at org.testng.internal.TestMethodWorker.invokeTestMethods(TestMethodWorker.java:129)
	at org.testng.internal.TestMethodWorker.run(TestMethodWorker.java:112)
	at org.testng.TestRunner.privateRun(TestRunner.java:756)
	at org.testng.TestRunner.run(TestRunner.java:610)
	at org.testng.SuiteRunner.runTest(SuiteRunner.java:387)
	at org.testng.SuiteRunner.runSequentially(SuiteRunner.java:382)
	at org.testng.SuiteRunner.privateRun(SuiteRunner.java:340)
	at org.testng.SuiteRunner.run(SuiteRunner.java:289)
	at org.testng.SuiteRunnerWorker.runSuite(SuiteRunnerWorker.java:52)
	at org.testng.SuiteRunnerWorker.run(SuiteRunnerWorker.java:86)
	at org.testng.TestNG.runSuitesSequentially(TestNG.java:1293)
	at org.testng.TestNG.runSuitesLocally(TestNG.java:1218)
	at org.testng.TestNG.runSuites(TestNG.java:1133)
	at org.testng.TestNG.run(TestNG.java:1104)
	at org.testng.remote.AbstractRemoteTestNG.run(AbstractRemoteTestNG.java:132)
	at org.testng.remote.RemoteTestNG.initAndRun(RemoteTestNG.java:236)
	at org.testng.remote.RemoteTestNG.main(RemoteTestNG.java:81)
Caused by: org.openqa.selenium.NoSuchElementException: no such element: Unable to locate element: {&quot;method&quot;:&quot;xpath&quot;,&quot;selector&quot;:&quot;//div[text()=&apos;Acer E15 Celeron Dual Core 4th Gen - (2 GB/500 GB HDD/Linux) UN.MZ8SI.023 ES1-531-C2YE Notebook  (15.6 inch, Diamond Black, 2.4 kg)&apos;]&quot;}
  (Session info: chrome=55.0.2883.87)
  (Driver info: chromedriver=2.25.426923 (0390b88869384d6eb0d5d09729679f934aab9eed),platform=Windows NT 10.0.14393 x86_64) (WARNING: The server did not provide any stacktrace information)
Command duration or timeout: 30.51 seconds
For documentation on this error, please visit: http://seleniumhq.org/exceptions/no_such_element.html
Build info: version: &apos;2.53.1&apos;, revision: &apos;a36b8b1cd5757287168e54b817830adce9b0158d&apos;, time: &apos;2016-06-30 19:26:09&apos;
System info: host: &apos;karthickmasan&apos;, ip: &apos;192.168.43.24&apos;, os.name: &apos;Windows 10&apos;, os.arch: &apos;amd64&apos;, os.version: &apos;10.0&apos;, java.version: &apos;1.8.0_60&apos;
Driver info: org.openqa.selenium.chrome.ChromeDriver
Capabilities [{applicationCacheEnabled=false, rotatable=false, mobileEmulationEnabled=false, networkConnectionEnabled=false, chrome={chromedriverVersion=2.25.426923 (0390b88869384d6eb0d5d09729679f934aab9eed), userDataDir=C:\Users\sairam\AppData\Local\Temp\scoped_dir12472_3408}, takesHeapSnapshot=true, pageLoadStrategy=normal, databaseEnabled=false, handlesAlerts=true, hasTouchScreen=false, version=55.0.2883.87, platform=XP, browserConnectionEnabled=false, nativeEvents=true, acceptSslCerts=true, locationContextEnabled=true, webStorageEnabled=true, browserName=chrome, takesScreenshot=true, javascriptEnabled=true, cssSelectorsEnabled=true}]
Session ID: 3c47defc615d3d2bff15b4307c42ba9b
*** Element info: {Using=xpath, value=//div[text()=&apos;Acer E15 Celeron Dual Core 4th Gen - (2 GB/500 GB HDD/Linux) UN.MZ8SI.023 ES1-531-C2YE Notebook  (15.6 inch, Diamond Black, 2.4 kg)&apos;]}
	at sun.reflect.NativeConstructorAccessorImpl.newInstance0(Native Method)
	at sun.reflect.NativeConstructorAccessorImpl.newInstance(Unknown Source)
	at sun.reflect.DelegatingConstructorAccessorImpl.newInstance(Unknown Source)
	at java.lang.reflect.Constructor.newInstance(Unknown Source)
	at org.openqa.selenium.remote.ErrorHandler.createThrowable(ErrorHandler.java:206)
	at org.openqa.selenium.remote.ErrorHandler.throwIfResponseFailed(ErrorHandler.java:158)
	at org.openqa.selenium.remote.RemoteWebDriver.execute(RemoteWebDriver.java:678)
	at org.openqa.selenium.remote.RemoteWebDriver.findElement(RemoteWebDriver.java:363)
	at org.openqa.selenium.remote.RemoteWebDriver.findElementByXPath(RemoteWebDriver.java:500)
	at org.openqa.selenium.By$ByXPath.findElement(By.java:361)
	at org.openqa.selenium.remote.RemoteWebDriver.findElement(RemoteWebDriver.java:355)
	at org.openqa.selenium.support.ui.ExpectedConditions.findElement(ExpectedConditions.java:899)
	at org.openqa.selenium.support.ui.ExpectedConditions.access$000(ExpectedConditions.java:41)
	at org.openqa.selenium.support.ui.ExpectedConditions$7.apply(ExpectedConditions.java:205)
	at org.openqa.selenium.support.ui.ExpectedConditions$7.apply(ExpectedConditions.java:201)
	at org.openqa.selenium.support.ui.FluentWait.until(FluentWait.java:238)
	... 28 more
</div></td></tr></table><p class="totop"><a href="#summary">back to summary</a></p><h3 id="m1">com.aeps.testscript.AddToCartDataProvider#VerifyLoginSuccess</h3><table class="result"><tr class="param"><th>Parameter #1</th></tr><tr class="param stripe"><td>ProductData [searchName=Mobile 4 g, productName=Moto E3 Power (White, 16 GB)]</td></tr><tr><th>Messages</th></tr><tr><td><div class="messages"></br>Open flipkart application<br/></br>Seach item as Mobile 4 g<br/></br> Product Selection[Moto E3 Power (White, 16 GB)]<br/></br>click on Add product to Cart<br/></br>Navigate to Cart page<br/></br>Click Remove Item / cart to remove all item and click continue shopping</div></td></tr></table><p class="totop"><a href="#summary">back to summary</a></p><h3 id="m2">com.aeps.testscript.AddToCartDataProvider#VerifyLoginSuccess</h3><table class="result"><tr class="param"><th>Parameter #1</th></tr><tr class="param stripe"><td>ProductData [searchName=Mobile 4 g, productName=Moto E3 Power (Black, 16 GB)]</td></tr><tr><th>Messages</th></tr><tr><td><div class="messages"></br>Open flipkart application<br/></br>Seach item as Mobile 4 g<br/></br> Product Selection[Moto E3 Power (Black, 16 GB)]<br/></br>click on Add product to Cart<br/></br>Navigate to Cart page<br/></br>Click Remove Item / cart to remove all item and click continue shopping</div></td></tr></table><p class="totop"><a href="#summary">back to summary</a></p><h3 id="m3">com.aeps.testscript.AddToCartDataProvider#VerifyLoginSuccess</h3><table class="result"><tr class="param"><th>Parameter #1</th></tr><tr class="param stripe"><td>ProductData [searchName=Mobile 4 g, productName=Apple iPhone 6 (Space Grey, 16 GB)]</td></tr><tr><th>Messages</th></tr><tr><td><div class="messages"></br>Open flipkart application<br/></br>Seach item as Mobile 4 g<br/></br> Product Selection[Apple iPhone 6 (Space Grey, 16 GB)]<br/></br>click on Add product to Cart<br/></br>Navigate to Cart page<br/></br>Click Remove Item / cart to remove all item and click continue shopping</div></td></tr></table><p class="totop"><a href="#summary">back to summary</a></p></body></html>