<?xml version="1.0" encoding="UTF-8"?>
<testng-results skipped="0" failed="1" ignored="0" total="4" passed="3">
  <reporter-output>
    <line>
      <![CDATA[</br>login into application]]>
    </line>
    <line>
      <![CDATA[</br>Open flipkart application]]>
    </line>
    <line>
      <![CDATA[</br>Seach item as Mobile 4 g]]>
    </line>
    <line>
      <![CDATA[</br> Product Selection[Moto E3 Power (Black, 16 GB)]]]>
    </line>
    <line>
      <![CDATA[</br>click on Add product to Cart]]>
    </line>
    <line>
      <![CDATA[</br>Navigate to Cart page]]>
    </line>
    <line>
      <![CDATA[</br>Click Remove Item / cart to remove all item and click continue shopping]]>
    </line>
    <line>
      <![CDATA[</br>Open flipkart application]]>
    </line>
    <line>
      <![CDATA[</br>Seach item as Mobile 4 g]]>
    </line>
    <line>
      <![CDATA[</br> Product Selection[Apple iPhone 6 (Space Grey, 16 GB)]]]>
    </line>
    <line>
      <![CDATA[</br>click on Add product to Cart]]>
    </line>
    <line>
      <![CDATA[</br>Navigate to Cart page]]>
    </line>
    <line>
      <![CDATA[</br>Click Remove Item / cart to remove all item and click continue shopping]]>
    </line>
    <line>
      <![CDATA[</br>Open flipkart application]]>
    </line>
    <line>
      <![CDATA[</br>Seach item as Mobile 4 g]]>
    </line>
    <line>
      <![CDATA[</br> Product Selection[Moto E3 Power (White, 16 GB)]]]>
    </line>
    <line>
      <![CDATA[</br>click on Add product to Cart]]>
    </line>
    <line>
      <![CDATA[</br>Navigate to Cart page]]>
    </line>
    <line>
      <![CDATA[</br>Click Remove Item / cart to remove all item and click continue shopping]]>
    </line>
    <line>
      <![CDATA[</br>Open flipkart application]]>
    </line>
    <line>
      <![CDATA[</br>Seach item as laptop]]>
    </line>
    <line>
      <![CDATA[</br> Product Selection[Acer E15 Celeron Dual Core 4th Gen - (2 GB/500 GB HDD/Linux) UN.MZ8SI.023 ES1-531-C2YE Notebook  (15.6 inch, Diamond Black, 2.4 kg)]]]>
    </line>
  </reporter-output>
  <suite name="Test Suite" duration-ms="388827" started-at="2016-12-30T16:31:44Z" finished-at="2016-12-30T16:38:12Z">
    <groups>
    </groups>
    <test name="Test Suite" duration-ms="388827" started-at="2016-12-30T16:31:44Z" finished-at="2016-12-30T16:38:12Z">
      <class name="com.aeps.testscript.AddToCartDataProvider">
        <test-method status="PASS" signature="setUp(java.lang.String)[pri:0, instance:com.aeps.testscript.AddToCartDataProvider@4923ab24]" name="setUp" is-config="true" duration-ms="204731" started-at="2016-12-30T22:01:44Z" finished-at="2016-12-30T22:05:08Z">
          <params>
            <param index="0">
              <value is-null="true"/>
            </param>
          </params>
          <reporter-output>
          </reporter-output>
        </test-method> <!-- setUp -->
        <test-method status="PASS" signature="beforeClass()[pri:0, instance:com.aeps.testscript.AddToCartDataProvider@4923ab24]" name="beforeClass" is-config="true" duration-ms="14533" started-at="2016-12-30T22:05:08Z" finished-at="2016-12-30T22:05:23Z">
          <reporter-output>
            <line>
              <![CDATA[</br>login into application]]>
            </line>
          </reporter-output>
        </test-method> <!-- beforeClass -->
        <test-method status="PASS" signature="VerifyLoginSuccess(com.aeps.datamodel.ProductData)[pri:0, instance:com.aeps.testscript.AddToCartDataProvider@4923ab24]" name="VerifyLoginSuccess" duration-ms="54434" started-at="2016-12-30T22:05:26Z" description="Desc: Add and remove product in cart using data provider" data-provider="ProductData" finished-at="2016-12-30T22:06:20Z">
          <params>
            <param index="0">
              <value>
                <![CDATA[ProductData [searchName=Mobile 4 g, productName=Moto E3 Power (Black, 16 GB)]]]>
              </value>
            </param>
          </params>
          <reporter-output>
            <line>
              <![CDATA[</br>Open flipkart application]]>
            </line>
            <line>
              <![CDATA[</br>Seach item as Mobile 4 g]]>
            </line>
            <line>
              <![CDATA[</br> Product Selection[Moto E3 Power (Black, 16 GB)]]]>
            </line>
            <line>
              <![CDATA[</br>click on Add product to Cart]]>
            </line>
            <line>
              <![CDATA[</br>Navigate to Cart page]]>
            </line>
            <line>
              <![CDATA[</br>Click Remove Item / cart to remove all item and click continue shopping]]>
            </line>
          </reporter-output>
        </test-method> <!-- VerifyLoginSuccess -->
        <test-method status="PASS" signature="VerifyLoginSuccess(com.aeps.datamodel.ProductData)[pri:0, instance:com.aeps.testscript.AddToCartDataProvider@4923ab24]" name="VerifyLoginSuccess" duration-ms="36908" started-at="2016-12-30T22:06:20Z" description="Desc: Add and remove product in cart using data provider" data-provider="ProductData" finished-at="2016-12-30T22:06:57Z">
          <params>
            <param index="0">
              <value>
                <![CDATA[ProductData [searchName=Mobile 4 g, productName=Apple iPhone 6 (Space Grey, 16 GB)]]]>
              </value>
            </param>
          </params>
          <reporter-output>
            <line>
              <![CDATA[</br>Open flipkart application]]>
            </line>
            <line>
              <![CDATA[</br>Seach item as Mobile 4 g]]>
            </line>
            <line>
              <![CDATA[</br> Product Selection[Apple iPhone 6 (Space Grey, 16 GB)]]]>
            </line>
            <line>
              <![CDATA[</br>click on Add product to Cart]]>
            </line>
            <line>
              <![CDATA[</br>Navigate to Cart page]]>
            </line>
            <line>
              <![CDATA[</br>Click Remove Item / cart to remove all item and click continue shopping]]>
            </line>
          </reporter-output>
        </test-method> <!-- VerifyLoginSuccess -->
        <test-method status="PASS" signature="VerifyLoginSuccess(com.aeps.datamodel.ProductData)[pri:0, instance:com.aeps.testscript.AddToCartDataProvider@4923ab24]" name="VerifyLoginSuccess" duration-ms="24599" started-at="2016-12-30T22:06:57Z" description="Desc: Add and remove product in cart using data provider" data-provider="ProductData" finished-at="2016-12-30T22:07:22Z">
          <params>
            <param index="0">
              <value>
                <![CDATA[ProductData [searchName=Mobile 4 g, productName=Moto E3 Power (White, 16 GB)]]]>
              </value>
            </param>
          </params>
          <reporter-output>
            <line>
              <![CDATA[</br>Open flipkart application]]>
            </line>
            <line>
              <![CDATA[</br>Seach item as Mobile 4 g]]>
            </line>
            <line>
              <![CDATA[</br> Product Selection[Moto E3 Power (White, 16 GB)]]]>
            </line>
            <line>
              <![CDATA[</br>click on Add product to Cart]]>
            </line>
            <line>
              <![CDATA[</br>Navigate to Cart page]]>
            </line>
            <line>
              <![CDATA[</br>Click Remove Item / cart to remove all item and click continue shopping]]>
            </line>
          </reporter-output>
        </test-method> <!-- VerifyLoginSuccess -->
        <test-method status="FAIL" signature="VerifyLoginSuccess(com.aeps.datamodel.ProductData)[pri:0, instance:com.aeps.testscript.AddToCartDataProvider@4923ab24]" name="VerifyLoginSuccess" duration-ms="45683" started-at="2016-12-30T22:07:22Z" description="Desc: Add and remove product in cart using data provider" data-provider="ProductData" finished-at="2016-12-30T22:08:07Z">
          <params>
            <param index="0">
              <value>
                <![CDATA[ProductData [searchName=laptop, productName=Acer E15 Celeron Dual Core 4th Gen - (2 GB/500 GB HDD/Linux) UN.MZ8SI.023 ES1-531-C2YE Notebook  (15.6 inch, Diamond Black, 2.4 kg)]]]>
              </value>
            </param>
          </params>
          <exception class="org.openqa.selenium.TimeoutException">
            <message>
              <![CDATA[Timed out after 30 seconds waiting for visibility of element located by By.xpath: //div[text()='Acer E15 Celeron Dual Core 4th Gen - (2 GB/500 GB HDD/Linux) UN.MZ8SI.023 ES1-531-C2YE Notebook  (15.6 inch, Diamond Black, 2.4 kg)']
Build info: version: '2.53.1', revision: 'a36b8b1cd5757287168e54b817830adce9b0158d', time: '2016-06-30 19:26:09'
System info: host: 'karthickmasan', ip: '192.168.43.24', os.name: 'Windows 10', os.arch: 'amd64', os.version: '10.0', java.version: '1.8.0_60'
Driver info: org.openqa.selenium.chrome.ChromeDriver
Capabilities [{applicationCacheEnabled=false, rotatable=false, mobileEmulationEnabled=false, networkConnectionEnabled=false, chrome={chromedriverVersion=2.25.426923 (0390b88869384d6eb0d5d09729679f934aab9eed), userDataDir=C:\Users\sairam\AppData\Local\Temp\scoped_dir12472_3408}, takesHeapSnapshot=true, pageLoadStrategy=normal, databaseEnabled=false, handlesAlerts=true, hasTouchScreen=false, version=55.0.2883.87, platform=XP, browserConnectionEnabled=false, nativeEvents=true, acceptSslCerts=true, locationContextEnabled=true, webStorageEnabled=true, browserName=chrome, takesScreenshot=true, javascriptEnabled=true, cssSelectorsEnabled=true}]
Session ID: 3c47defc615d3d2bff15b4307c42ba9b]]>
            </message>
            <full-stacktrace>
              <![CDATA[org.openqa.selenium.TimeoutException: Timed out after 30 seconds waiting for visibility of element located by By.xpath: //div[text()='Acer E15 Celeron Dual Core 4th Gen - (2 GB/500 GB HDD/Linux) UN.MZ8SI.023 ES1-531-C2YE Notebook  (15.6 inch, Diamond Black, 2.4 kg)']
Build info: version: '2.53.1', revision: 'a36b8b1cd5757287168e54b817830adce9b0158d', time: '2016-06-30 19:26:09'
System info: host: 'karthickmasan', ip: '192.168.43.24', os.name: 'Windows 10', os.arch: 'amd64', os.version: '10.0', java.version: '1.8.0_60'
Driver info: org.openqa.selenium.chrome.ChromeDriver
Capabilities [{applicationCacheEnabled=false, rotatable=false, mobileEmulationEnabled=false, networkConnectionEnabled=false, chrome={chromedriverVersion=2.25.426923 (0390b88869384d6eb0d5d09729679f934aab9eed), userDataDir=C:\Users\sairam\AppData\Local\Temp\scoped_dir12472_3408}, takesHeapSnapshot=true, pageLoadStrategy=normal, databaseEnabled=false, handlesAlerts=true, hasTouchScreen=false, version=55.0.2883.87, platform=XP, browserConnectionEnabled=false, nativeEvents=true, acceptSslCerts=true, locationContextEnabled=true, webStorageEnabled=true, browserName=chrome, takesScreenshot=true, javascriptEnabled=true, cssSelectorsEnabled=true}]
Session ID: 3c47defc615d3d2bff15b4307c42ba9b
	at org.openqa.selenium.support.ui.WebDriverWait.timeoutException(WebDriverWait.java:80)
	at org.openqa.selenium.support.ui.FluentWait.until(FluentWait.java:261)
	at com.aeps.selenium.framework.BasePage.waitForElement(BasePage.java:181)
	at com.aeps.pages.ebay.ProductSearchPage.selectProduct(ProductSearchPage.java:42)
	at com.aeps.testscript.AddToCartDataProvider.VerifyLoginSuccess(AddToCartDataProvider.java:47)
	at sun.reflect.NativeMethodAccessorImpl.invoke0(Native Method)
	at sun.reflect.NativeMethodAccessorImpl.invoke(Unknown Source)
	at sun.reflect.DelegatingMethodAccessorImpl.invoke(Unknown Source)
	at java.lang.reflect.Method.invoke(Unknown Source)
	at org.testng.internal.MethodInvocationHelper.invokeMethod(MethodInvocationHelper.java:104)
	at org.testng.internal.Invoker.invokeMethod(Invoker.java:645)
	at org.testng.internal.Invoker.invokeTestMethod(Invoker.java:851)
	at org.testng.internal.Invoker.invokeTestMethods(Invoker.java:1177)
	at org.testng.internal.TestMethodWorker.invokeTestMethods(TestMethodWorker.java:129)
	at org.testng.internal.TestMethodWorker.run(TestMethodWorker.java:112)
	at org.testng.TestRunner.privateRun(TestRunner.java:756)
	at org.testng.TestRunner.run(TestRunner.java:610)
	at org.testng.SuiteRunner.runTest(SuiteRunner.java:387)
	at org.testng.SuiteRunner.runSequentially(SuiteRunner.java:382)
	at org.testng.SuiteRunner.privateRun(SuiteRunner.java:340)
	at org.testng.SuiteRunner.run(SuiteRunner.java:289)
	at org.testng.SuiteRunnerWorker.runSuite(SuiteRunnerWorker.java:52)
	at org.testng.SuiteRunnerWorker.run(SuiteRunnerWorker.java:86)
	at org.testng.TestNG.runSuitesSequentially(TestNG.java:1293)
	at org.testng.TestNG.runSuitesLocally(TestNG.java:1218)
	at org.testng.TestNG.runSuites(TestNG.java:1133)
	at org.testng.TestNG.run(TestNG.java:1104)
	at org.testng.remote.AbstractRemoteTestNG.run(AbstractRemoteTestNG.java:132)
	at org.testng.remote.RemoteTestNG.initAndRun(RemoteTestNG.java:236)
	at org.testng.remote.RemoteTestNG.main(RemoteTestNG.java:81)
Caused by: org.openqa.selenium.NoSuchElementException: no such element: Unable to locate element: {"method":"xpath","selector":"//div[text()='Acer E15 Celeron Dual Core 4th Gen - (2 GB/500 GB HDD/Linux) UN.MZ8SI.023 ES1-531-C2YE Notebook  (15.6 inch, Diamond Black, 2.4 kg)']"}
  (Session info: chrome=55.0.2883.87)
  (Driver info: chromedriver=2.25.426923 (0390b88869384d6eb0d5d09729679f934aab9eed),platform=Windows NT 10.0.14393 x86_64) (WARNING: The server did not provide any stacktrace information)
Command duration or timeout: 30.51 seconds
For documentation on this error, please visit: http://seleniumhq.org/exceptions/no_such_element.html
Build info: version: '2.53.1', revision: 'a36b8b1cd5757287168e54b817830adce9b0158d', time: '2016-06-30 19:26:09'
System info: host: 'karthickmasan', ip: '192.168.43.24', os.name: 'Windows 10', os.arch: 'amd64', os.version: '10.0', java.version: '1.8.0_60'
Driver info: org.openqa.selenium.chrome.ChromeDriver
Capabilities [{applicationCacheEnabled=false, rotatable=false, mobileEmulationEnabled=false, networkConnectionEnabled=false, chrome={chromedriverVersion=2.25.426923 (0390b88869384d6eb0d5d09729679f934aab9eed), userDataDir=C:\Users\sairam\AppData\Local\Temp\scoped_dir12472_3408}, takesHeapSnapshot=true, pageLoadStrategy=normal, databaseEnabled=false, handlesAlerts=true, hasTouchScreen=false, version=55.0.2883.87, platform=XP, browserConnectionEnabled=false, nativeEvents=true, acceptSslCerts=true, locationContextEnabled=true, webStorageEnabled=true, browserName=chrome, takesScreenshot=true, javascriptEnabled=true, cssSelectorsEnabled=true}]
Session ID: 3c47defc615d3d2bff15b4307c42ba9b
*** Element info: {Using=xpath, value=//div[text()='Acer E15 Celeron Dual Core 4th Gen - (2 GB/500 GB HDD/Linux) UN.MZ8SI.023 ES1-531-C2YE Notebook  (15.6 inch, Diamond Black, 2.4 kg)']}
	at sun.reflect.NativeConstructorAccessorImpl.newInstance0(Native Method)
	at sun.reflect.NativeConstructorAccessorImpl.newInstance(Unknown Source)
	at sun.reflect.DelegatingConstructorAccessorImpl.newInstance(Unknown Source)
	at java.lang.reflect.Constructor.newInstance(Unknown Source)
	at org.openqa.selenium.remote.ErrorHandler.createThrowable(ErrorHandler.java:206)
	at org.openqa.selenium.remote.ErrorHandler.throwIfResponseFailed(ErrorHandler.java:158)
	at org.openqa.selenium.remote.RemoteWebDriver.execute(RemoteWebDriver.java:678)
	at org.openqa.selenium.remote.RemoteWebDriver.findElement(RemoteWebDriver.java:363)
	at org.openqa.selenium.remote.RemoteWebDriver.findElementByXPath(RemoteWebDriver.java:500)
	at org.openqa.selenium.By$ByXPath.findElement(By.java:361)
	at org.openqa.selenium.remote.RemoteWebDriver.findElement(RemoteWebDriver.java:355)
	at org.openqa.selenium.support.ui.ExpectedConditions.findElement(ExpectedConditions.java:899)
	at org.openqa.selenium.support.ui.ExpectedConditions.access$000(ExpectedConditions.java:41)
	at org.openqa.selenium.support.ui.ExpectedConditions$7.apply(ExpectedConditions.java:205)
	at org.openqa.selenium.support.ui.ExpectedConditions$7.apply(ExpectedConditions.java:201)
	at org.openqa.selenium.support.ui.FluentWait.until(FluentWait.java:238)
	... 28 more
]]>
            </full-stacktrace>
          </exception> <!-- org.openqa.selenium.TimeoutException -->
          <reporter-output>
            <line>
              <![CDATA[</br>Open flipkart application]]>
            </line>
            <line>
              <![CDATA[</br>Seach item as laptop]]>
            </line>
            <line>
              <![CDATA[</br> Product Selection[Acer E15 Celeron Dual Core 4th Gen - (2 GB/500 GB HDD/Linux) UN.MZ8SI.023 ES1-531-C2YE Notebook  (15.6 inch, Diamond Black, 2.4 kg)]]]>
            </line>
          </reporter-output>
        </test-method> <!-- VerifyLoginSuccess -->
        <test-method status="PASS" signature="afterMainMethod()[pri:0, instance:com.aeps.testscript.AddToCartDataProvider@4923ab24]" name="afterMainMethod" is-config="true" duration-ms="5043" started-at="2016-12-30T22:08:07Z" finished-at="2016-12-30T22:08:12Z">
          <reporter-output>
          </reporter-output>
        </test-method> <!-- afterMainMethod -->
      </class> <!-- com.aeps.testscript.AddToCartDataProvider -->
    </test> <!-- Test Suite -->
  </suite> <!-- Test Suite -->
</testng-results>
